d:\cppproject\riglogicwrapper\riglogic\x64\release\vc143.pdb
d:\cppproject\riglogicwrapper\riglogic\x64\release\arenamemoryresource.obj
d:\cppproject\riglogicwrapper\riglogic\x64\release\alignedmemoryresource.obj
d:\cppproject\riglogicwrapper\riglogic\x64\release\memoryresource.obj
d:\cppproject\riglogicwrapper\riglogic\x64\release\writer.obj
d:\cppproject\riglogicwrapper\riglogic\x64\release\dnaversioninfo.obj
d:\cppproject\riglogicwrapper\riglogic\x64\release\streamwriter.obj
d:\cppproject\riglogicwrapper\riglogic\x64\release\streamreaderstatus.obj
d:\cppproject\riglogicwrapper\riglogic\x64\release\streamreader.obj
d:\cppproject\riglogicwrapper\riglogic\x64\release\jsonstreamwriterimpl.obj
d:\cppproject\riglogicwrapper\riglogic\x64\release\jsonstreamreaderimpl.obj
d:\cppproject\riglogicwrapper\riglogic\x64\release\filteredbinaryinputarchive.obj
d:\cppproject\riglogicwrapper\riglogic\x64\release\binarystreamwriterimpl.obj
d:\cppproject\riglogicwrapper\riglogic\x64\release\binarystreamreaderimpl.obj
d:\cppproject\riglogicwrapper\riglogic\x64\release\reader.obj
d:\cppproject\riglogicwrapper\riglogic\x64\release\lodmapping.obj
d:\cppproject\riglogicwrapper\riglogic\x64\release\lodconstraint.obj
d:\cppproject\riglogicwrapper\riglogic\x64\release\meshfilter.obj
d:\cppproject\riglogicwrapper\riglogic\x64\release\jointfilter.obj
d:\cppproject\riglogicwrapper\riglogic\x64\release\blendshapefilter.obj
d:\cppproject\riglogicwrapper\riglogic\x64\release\animatedmapfilter.obj
d:\cppproject\riglogicwrapper\riglogic\x64\release\standardcontrolsinputinstance.obj
d:\cppproject\riglogicwrapper\riglogic\x64\release\controlsinputinstance.obj
d:\cppproject\riglogicwrapper\riglogic\x64\release\controlsfactory.obj
d:\cppproject\riglogicwrapper\riglogic\x64\release\controls.obj
d:\cppproject\riglogicwrapper\riglogic\x64\release\conditionaltable.obj
d:\cppproject\riglogicwrapper\riglogic\x64\release\blendshapesoutputinstance.obj
d:\cppproject\riglogicwrapper\riglogic\x64\release\blendshapesnulloutputinstance.obj
d:\cppproject\riglogicwrapper\riglogic\x64\release\blendshapesnull.obj
d:\cppproject\riglogicwrapper\riglogic\x64\release\blendshapesimploutputinstance.obj
d:\cppproject\riglogicwrapper\riglogic\x64\release\blendshapesimpl.obj
d:\cppproject\riglogicwrapper\riglogic\x64\release\blendshapesfactory.obj
d:\cppproject\riglogicwrapper\riglogic\x64\release\blendshapes.obj
d:\cppproject\riglogicwrapper\riglogic\x64\release\animatedmapsoutputinstance.obj
d:\cppproject\riglogicwrapper\riglogic\x64\release\animatedmapsnulloutputinstance.obj
d:\cppproject\riglogicwrapper\riglogic\x64\release\animatedmapsnull.obj
d:\cppproject\riglogicwrapper\riglogic\x64\release\animatedmapsimploutputinstance.obj
d:\cppproject\riglogicwrapper\riglogic\x64\release\animatedmapsimpl.obj
d:\cppproject\riglogicwrapper\riglogic\x64\release\animatedmapsfactory.obj
d:\cppproject\riglogicwrapper\riglogic\x64\release\animatedmaps.obj
d:\cppproject\riglogicwrapper\riglogic\x64\release\defaultmemoryresource.obj
d:\cppproject\riglogicwrapper\riglogic\x64\release\machinelearnedbehaviorfactory.obj
d:\cppproject\riglogicwrapper\riglogic\x64\release\machinelearnedbehaviorevaluator.obj
d:\cppproject\riglogicwrapper\riglogic\x64\release\machinelearnedbehavior.obj
d:\cppproject\riglogicwrapper\riglogic\x64\release\cpumachinelearnedbehavioroutputinstance.obj
d:\cppproject\riglogicwrapper\riglogic\x64\release\jointsoutputinstance.obj
d:\cppproject\riglogicwrapper\riglogic\x64\release\jointsnulloutputinstance.obj
d:\cppproject\riglogicwrapper\riglogic\x64\release\jointsnullevaluator.obj
d:\cppproject\riglogicwrapper\riglogic\x64\release\jointsfactory.obj
d:\cppproject\riglogicwrapper\riglogic\x64\release\jointsevaluator.obj
d:\cppproject\riglogicwrapper\riglogic\x64\release\jointsbuilder.obj
d:\cppproject\riglogicwrapper\riglogic\x64\release\joints.obj
d:\cppproject\riglogicwrapper\riglogic\x64\release\jointbehaviorfilter.obj
d:\cppproject\riglogicwrapper\riglogic\x64\release\jointgroupoptimizer.obj
d:\cppproject\riglogicwrapper\riglogic\x64\release\twistswingjointsbuilderfactory.obj
d:\cppproject\riglogicwrapper\riglogic\x64\release\quaternionjointsbuilderfactory.obj
d:\cppproject\riglogicwrapper\riglogic\x64\release\cpujointsoutputinstance.obj
d:\cppproject\riglogicwrapper\riglogic\x64\release\cpujointsevaluator.obj
d:\cppproject\riglogicwrapper\riglogic\x64\release\cpujointsbuilder.obj
d:\cppproject\riglogicwrapper\riglogic\x64\release\bpcmjointsbuilderfactory.obj
d:\cppproject\riglogicwrapper\riglogic\x64\release\psdnet.obj
d:\cppproject\riglogicwrapper\riglogic\x64\release\storage.obj
d:\cppproject\riglogicwrapper\riglogic\x64\release\status.obj
d:\cppproject\riglogicwrapper\riglogic\x64\release\registry.obj
d:\cppproject\riglogicwrapper\riglogic\x64\release\provider.obj
d:\cppproject\riglogicwrapper\riglogic\x64\release\rlversioninfo.obj
d:\cppproject\riglogicwrapper\riglogic\x64\release\riglogicimpl.obj
d:\cppproject\riglogicwrapper\riglogic\x64\release\riginstanceimpl.obj
d:\cppproject\riglogicwrapper\riglogic\x64\release\rbfbehavioroutputinstance.obj
d:\cppproject\riglogicwrapper\riglogic\x64\release\rbfbehaviornulloutputinstance.obj
d:\cppproject\riglogicwrapper\riglogic\x64\release\rbfbehaviornullevaluator.obj
d:\cppproject\riglogicwrapper\riglogic\x64\release\rbfbehaviorfactory.obj
d:\cppproject\riglogicwrapper\riglogic\x64\release\rbfbehaviorevaluator.obj
d:\cppproject\riglogicwrapper\riglogic\x64\release\rbfbehavior.obj
d:\cppproject\riglogicwrapper\riglogic\x64\release\rbfsolver.obj
d:\cppproject\riglogicwrapper\riglogic\x64\release\interpolativerbfsolver.obj
d:\cppproject\riglogicwrapper\riglogic\x64\release\cpurbfbehavioroutputinstance.obj
d:\cppproject\riglogicwrapper\riglogic\x64\release\additiverbfsolver.obj
d:\cppproject\riglogicwrapper\riglogic\x64\release\machinelearnedbehavioroutputinstance.obj
d:\cppproject\riglogicwrapper\riglogic\x64\release\machinelearnedbehaviornulloutputinstance.obj
d:\cppproject\riglogicwrapper\riglogic\x64\release\machinelearnedbehaviornullevaluator.obj
d:\cppproject\riglogicwrapper\riglogic\x64\release\py3dna_wrap.obj
d:\cppproject\riglogicwrapper\riglogic\x64\release\streamstatus.obj
d:\cppproject\riglogicwrapper\riglogic\x64\release\memorystreamimpl.obj
d:\cppproject\riglogicwrapper\riglogic\x64\release\memorymappedfilestreamwindows.obj
d:\cppproject\riglogicwrapper\riglogic\x64\release\memorymappedfilestreamunix.obj
d:\cppproject\riglogicwrapper\riglogic\x64\release\memorymappedfilestreamfallback.obj
d:\cppproject\riglogicwrapper\riglogic\x64\release\memorymappedfilestream.obj
d:\cppproject\riglogicwrapper\riglogic\x64\release\filestreamimpl.obj
d:\cppproject\riglogicwrapper\riglogic\x64\release\stream.obj
d:\cppproject\riglogicwrapper\riglogic\x64\release\concepts.obj
d:\cppproject\riglogicwrapper\x64\release\_py3dna.pyd
d:\cppproject\riglogicwrapper\x64\release\_py3dna.pdb
d:\cppproject\riglogicwrapper\x64\release\_py3dna.lib
d:\cppproject\riglogicwrapper\x64\release\_py3dna.exp
d:\cppproject\riglogicwrapper\riglogic\x64\release\_py3dna.ipdb
d:\cppproject\riglogicwrapper\riglogic\x64\release\_py3dna.iobj
d:\cppproject\riglogicwrapper\riglogic\x64\release\riglogic.tlog\cl.command.1.tlog
d:\cppproject\riglogicwrapper\riglogic\x64\release\riglogic.tlog\cl.items.tlog
d:\cppproject\riglogicwrapper\riglogic\x64\release\riglogic.tlog\cl.read.1.tlog
d:\cppproject\riglogicwrapper\riglogic\x64\release\riglogic.tlog\cl.write.1.tlog
d:\cppproject\riglogicwrapper\riglogic\x64\release\riglogic.tlog\link.command.1.tlog
d:\cppproject\riglogicwrapper\riglogic\x64\release\riglogic.tlog\link.read.1.tlog
d:\cppproject\riglogicwrapper\riglogic\x64\release\riglogic.tlog\link.secondary.1.tlog
d:\cppproject\riglogicwrapper\riglogic\x64\release\riglogic.tlog\link.write.1.tlog
